Arguments: 
  C:\Program Files\nodejs\node.exe C:\Users\aleks\AppData\Roaming\npm\node_modules\yarn\bin\yarn.js add inquirer

PATH: 
  C:\Program Files\WindowsApps\Microsoft.PowerShell_7.1.5.0_x64__8wekyb3d8bbwe;C:\Windows\system32;C:\Windows;C:\Windows\System32\Wbem;C:\Windows\System32\WindowsPowerShell\v1.0\;C:\Windows\System32\OpenSSH\;C:\Program Files\Intel\WiFi\bin\;C:\Program Files\Common Files\Intel\WirelessCommon\;C:\Program Files\nodejs\;C:\Program Files\NVIDIA Corporation\NVIDIA NvDLISR;C:\Program Files\dotnet\;C:\Program Files (x86)\dotnet\;C:\Users\aleks\AppData\Local\Microsoft\WindowsApps;C:\Users\aleks\AppData\Local\Programs\Microsoft VS Code\bin;C:\Users\aleks\AppData\Local\gitkraken\bin;C:\Program Files\Intel\WiFi\bin\;C:\Program Files\Common Files\Intel\WirelessCommon\;C:\Users\aleks\AppData\Roaming\npm

Yarn version: 
  1.22.17

Node version: 
  14.18.1

Platform: 
  win32 x64

Trace: 
  Error: getaddrinfo ENOTFOUND registry.yarnpkg.com
      at GetAddrInfoReqWrap.onlookup [as oncomplete] (dns.js:71:26)

npm manifest: 
  {
    "name": "lesson4",
    "version": "1.0.0",
    "description": "",
    "main": "cli.js",
    "scripts": {
      "start": "node cli.js"
    },
    "bin": {
      "reader": "cli.js"
    },
    "keywords": [],
    "author": "",
    "license": "ISC",
    "dependencies": {
      "inquirer": "^8.2.0",
      "yargs": "^17.2.1"
    }
  }

yarn manifest: 
  No manifest

Lockfile: 
  No lockfile
